Flow report for DE1_SoC_ADC
Fri Nov 22 17:46:24 2024
Quartus Prime Version 18.1.0 Build 625 09/12/2018 SJ Lite Edition


---------------------
; Table of Contents ;
---------------------
  1. Legal Notice
  2. Flow Summary
  3. Flow Settings
  4. Flow Non-Default Global Settings
  5. Flow Elapsed Time
  6. Flow OS Summary
  7. Flow Log
  8. Flow Messages
  9. Flow Suppressed Messages



----------------
; Legal Notice ;
----------------
Copyright (C) 2018  Intel Corporation. All rights reserved.
Your use of Intel Corporation's design tools, logic functions 
and other software and tools, and its AMPP partner logic 
functions, and any output files from any of the foregoing 
(including device programming or simulation files), and any 
associated documentation or information are expressly subject 
to the terms and conditions of the Intel Program License 
Subscription Agreement, the Intel Quartus Prime License Agreement,
the Intel FPGA IP License Agreement, or other applicable license
agreement, including, without limitation, that your use is for
the sole purpose of programming logic devices manufactured by
Intel and sold by Intel or its authorized distributors.  Please
refer to the applicable agreement for further details.



+---------------------------------------------------------------------------+
; Flow Summary                                                              ;
+-----------------------------+---------------------------------------------+
; Flow Status                 ; Flow Failed - Fri Nov 22 17:46:24 2024      ;
; Quartus Prime Version       ; 18.1.0 Build 625 09/12/2018 SJ Lite Edition ;
; Revision Name               ; DE1_SoC_ADC                                 ;
; Top-level Entity Name       ; DE1_SoC_Basic_Nios2_SOC                     ;
; Family                      ; Cyclone V                                   ;
; Device                      ; 5CSEMA5F31C6                                ;
; Timing Models               ; Final                                       ;
; Logic utilization (in ALMs) ; N/A until Partition Merge                   ;
; Total registers             ; N/A until Partition Merge                   ;
; Total pins                  ; N/A until Partition Merge                   ;
; Total virtual pins          ; N/A until Partition Merge                   ;
; Total block memory bits     ; N/A until Partition Merge                   ;
; Total PLLs                  ; N/A until Partition Merge                   ;
; Total DLLs                  ; N/A until Partition Merge                   ;
+-----------------------------+---------------------------------------------+


+-----------------------------------------+
; Flow Settings                           ;
+-------------------+---------------------+
; Option            ; Setting             ;
+-------------------+---------------------+
; Start date & time ; 11/22/2024 17:46:14 ;
; Main task         ; Compilation         ;
; Revision Name     ; DE1_SoC_ADC         ;
+-------------------+---------------------+


+-------------------------------------------------------------------------------------------------------------------------------------------------------------+
; Flow Non-Default Global Settings                                                                                                                            ;
+-------------------------------------+----------------------------------------------------------------+---------------+-------------------------+------------+
; Assignment Name                     ; Value                                                          ; Default Value ; Entity Name             ; Section Id ;
+-------------------------------------+----------------------------------------------------------------+---------------+-------------------------+------------+
; COMPILER_SIGNATURE_ID               ; 1097453449259.173229397405236                                  ; --            ; --                      ; --         ;
; MAX_CORE_JUNCTION_TEMP              ; 85                                                             ; --            ; --                      ; --         ;
; MIN_CORE_JUNCTION_TEMP              ; 0                                                              ; --            ; --                      ; --         ;
; MISC_FILE                           ; DE1_SoC_QSYS/synthesis/../DE1_SoC_QSYS.cmp                     ; --            ; --                      ; --         ;
; MISC_FILE                           ; DE1_SoC_QSYS/synthesis/../../DE1_SoC_QSYS.qsys                 ; --            ; --                      ; --         ;
; PARTITION_COLOR                     ; -- (Not supported for targeted family)                         ; --            ; DE1_SoC_Basic_Nios2_SOC ; Top        ;
; PARTITION_FITTER_PRESERVATION_LEVEL ; -- (Not supported for targeted family)                         ; --            ; DE1_SoC_Basic_Nios2_SOC ; Top        ;
; PARTITION_NETLIST_TYPE              ; -- (Not supported for targeted family)                         ; --            ; DE1_SoC_Basic_Nios2_SOC ; Top        ;
; POWER_BOARD_THERMAL_MODEL           ; None (CONSERVATIVE)                                            ; --            ; --                      ; --         ;
; POWER_PRESET_COOLING_SOLUTION       ; 23 MM HEAT SINK WITH 200 LFPM AIRFLOW                          ; --            ; --                      ; --         ;
; SLD_FILE                            ; DE1_SoC_QSYS/synthesis/DE1_SoC_QSYS.regmap                     ; --            ; --                      ; --         ;
; SLD_FILE                            ; DE1_SoC_QSYS/synthesis/DE1_SoC_QSYS.debuginfo                  ; --            ; --                      ; --         ;
; SLD_INFO                            ; QSYS_NAME DE1_SoC_QSYS HAS_SOPCINFO 1 GENERATION_ID 1732293584 ; --            ; DE1_SoC_QSYS            ; --         ;
; SOPCINFO_FILE                       ; DE1_SoC_QSYS/synthesis/../../DE1_SoC_QSYS.sopcinfo             ; --            ; --                      ; --         ;
; SYNTHESIS_ONLY_QIP                  ; On                                                             ; --            ; --                      ; --         ;
; TOP_LEVEL_ENTITY                    ; DE1_SoC_Basic_Nios2_SOC                                        ; DE1_SoC_ADC   ; --                      ; --         ;
+-------------------------------------+----------------------------------------------------------------+---------------+-------------------------+------------+


+--------------------------------------------------------------------------------------------------------------------------+
; Flow Elapsed Time                                                                                                        ;
+----------------------+--------------+-------------------------+---------------------+------------------------------------+
; Module Name          ; Elapsed Time ; Average Processors Used ; Peak Virtual Memory ; Total CPU Time (on all processors) ;
+----------------------+--------------+-------------------------+---------------------+------------------------------------+
; Analysis & Synthesis ; 00:00:11     ; 1.0                     ; 4864 MB             ; 00:00:24                           ;
; Total                ; 00:00:11     ; --                      ; --                  ; 00:00:24                           ;
+----------------------+--------------+-------------------------+---------------------+------------------------------------+


+------------------------------------------------------------------------------------+
; Flow OS Summary                                                                    ;
+----------------------+------------------+------------+------------+----------------+
; Module Name          ; Machine Hostname ; OS Name    ; OS Version ; Processor type ;
+----------------------+------------------+------------+------------+----------------+
; Analysis & Synthesis ; YXC-LAPTOP       ; Windows 10 ; 10.0       ; x86_64         ;
+----------------------+------------------+------------+------------+----------------+


------------
; Flow Log ;
------------
quartus_map --read_settings_files=on --write_settings_files=off DE1_SoC_ADC -c DE1_SoC_ADC



