16:55:53 **** Incremental Build of configuration Nios II for project niosII_Custom_Peripheral ****
make all 
Info: Building ../niosII_Custom_Peripheral_bsp/
E:/intelFPGA_lite/18.1/nios2eds/bin/gnu/H-x86_64-mingw32/bin/make --no-print-directory -C ../niosII_Custom_Peripheral_bsp/
[BSP build complete]
[niosII_Custom_Peripheral build complete]
16:56:04 **** Build of configuration Nios II for project niosII_Custom_Peripheral ****
make all 
Info: Building ../niosII_Custom_Peripheral_bsp/
E:/intelFPGA_lite/18.1/nios2eds/bin/gnu/H-x86_64-mingw32/bin/make --no-print-directory -C ../niosII_Custom_Peripheral_bsp/
[BSP build complete]
[niosII_Custom_Peripheral build complete]
16:56:07 **** Incremental Build of configuration Nios II for project niosII_Custom_Peripheral ****
make all 
Info: Building ../niosII_Custom_Peripheral_bsp/
E:/intelFPGA_lite/18.1/nios2eds/bin/gnu/H-x86_64-mingw32/bin/make --no-print-directory -C ../niosII_Custom_Peripheral_bsp/
[BSP build complete]
Info: Compiling heartbeat.c to obj/default/heartbeat.o
nios2-elf-gcc -xc -MP -MMD -c -I../niosII_Custom_Peripheral_bsp//HAL/inc -I../niosII_Custom_Peripheral_bsp/ -I../niosII_Custom_Peripheral_bsp//drivers/inc  -pipe -D__hal__ -DALT_NO_INSTRUCTION_EMULATION -DALT_SINGLE_THREADED    -O0 -g -Wall   -mno-hw-div -mhw-mul -mno-hw-mulx -mgpopt=global  -o obj/default/heartbeat.o heartbeat.c
heartbeat.c: In function 'main':
heartbeat.c:24:23: warning: implicit declaration of function 'sin' [-Wimplicit-function-declaration]
         duty_cycle = (sin(angle) + 1) / 2.0;  // 将 [-1, 1] 转换为 [0, 1]
                       ^
heartbeat.c:24:23: warning: incompatible implicit declaration of built-in function 'sin'
heartbeat.c:24:23: note: include '<math.h>' or provide a declaration of 'sin'
Info: Linking niosII_Custom_Peripheral.elf
nios2-elf-g++  -T'../niosII_Custom_Peripheral_bsp//linker.x' -msys-crt0='../niosII_Custom_Peripheral_bsp//obj/HAL/src/crt0.o' -msys-lib=hal_bsp -L../niosII_Custom_Peripheral_bsp/   -Wl,-Map=niosII_Custom_Peripheral.map   -O0 -g -Wall   -mno-hw-div -mhw-mul -mno-hw-mulx -mgpopt=global  -o niosII_Custom_Peripheral.elf obj/default/heartbeat.o -lm -msys-lib=m
nios2-elf-insert niosII_Custom_Peripheral.elf --thread_model hal --cpu_name nios2_qsys --qsys true --simulation_enabled false --id 0 --sidp 0x81088 --timestamp 1732286828 --stderr_dev jtag_uart --stdin_dev jtag_uart --stdout_dev jtag_uart --sopc_system_name DE1_SoC_QSYS --quartus_project_dir "D:/OneDrive/Sorbonne/Architecture_des_systemes_embarques/TP2/DE1-SoC_TP2_Sources_2021" --jdi D:/OneDrive/Sorbonne/Architecture_des_systemes_embarques/TP2/DE1-SoC_TP2_Sources_2021/software/niosII_Custom_Peripheral_bsp/../../DE1_SoC_ADC.jdi --sopcinfo D:/OneDrive/Sorbonne/Architecture_des_systemes_embarques/TP2/DE1-SoC_TP2_Sources_2021/software/niosII_Custom_Peripheral_bsp/../../DE1_SoC_QSYS.sopcinfo
Info: (niosII_Custom_Peripheral.elf) 50 KBytes program size (code + initialized data).
Info:                                98 KBytes free for stack + heap.
Info: Creating niosII_Custom_Peripheral.objdump
nios2-elf-objdump --disassemble --syms --all-header --source niosII_Custom_Peripheral.elf >niosII_Custom_Peripheral.objdump
[niosII_Custom_Peripheral build complete]
16:58:37 **** Incremental Build of configuration Nios II for project niosII_Custom_Peripheral ****
make all 
Info: Building ../niosII_Custom_Peripheral_bsp/
E:/intelFPGA_lite/18.1/nios2eds/bin/gnu/H-x86_64-mingw32/bin/make --no-print-directory -C ../niosII_Custom_Peripheral_bsp/
[BSP build complete]
Info: Compiling heartbeat.c to obj/default/heartbeat.o
nios2-elf-gcc -xc -MP -MMD -c -I../niosII_Custom_Peripheral_bsp//HAL/inc -I../niosII_Custom_Peripheral_bsp/ -I../niosII_Custom_Peripheral_bsp//drivers/inc  -pipe -D__hal__ -DALT_NO_INSTRUCTION_EMULATION -DALT_SINGLE_THREADED    -O0 -g -Wall   -mno-hw-div -mhw-mul -mno-hw-mulx -mgpopt=global  -o obj/default/heartbeat.o heartbeat.c
heartbeat.c: In function 'main':
heartbeat.c:28:23: warning: implicit declaration of function 'sin' [-Wimplicit-function-declaration]
         duty_cycle = (sin(angle) + 1) / 2.0;  // 将 [-1, 1] 转换为 [0, 1]
                       ^
heartbeat.c:28:23: warning: incompatible implicit declaration of built-in function 'sin'
heartbeat.c:28:23: note: include '<math.h>' or provide a declaration of 'sin'
Info: Linking niosII_Custom_Peripheral.elf
nios2-elf-g++  -T'../niosII_Custom_Peripheral_bsp//linker.x' -msys-crt0='../niosII_Custom_Peripheral_bsp//obj/HAL/src/crt0.o' -msys-lib=hal_bsp -L../niosII_Custom_Peripheral_bsp/   -Wl,-Map=niosII_Custom_Peripheral.map   -O0 -g -Wall   -mno-hw-div -mhw-mul -mno-hw-mulx -mgpopt=global  -o niosII_Custom_Peripheral.elf obj/default/heartbeat.o -lm -msys-lib=m
nios2-elf-insert niosII_Custom_Peripheral.elf --thread_model hal --cpu_name nios2_qsys --qsys true --simulation_enabled false --id 0 --sidp 0x81088 --timestamp 1732286828 --stderr_dev jtag_uart --stdin_dev jtag_uart --stdout_dev jtag_uart --sopc_system_name DE1_SoC_QSYS --quartus_project_dir "D:/OneDrive/Sorbonne/Architecture_des_systemes_embarques/TP2/DE1-SoC_TP2_Sources_2021" --jdi D:/OneDrive/Sorbonne/Architecture_des_systemes_embarques/TP2/DE1-SoC_TP2_Sources_2021/software/niosII_Custom_Peripheral_bsp/../../DE1_SoC_ADC.jdi --sopcinfo D:/OneDrive/Sorbonne/Architecture_des_systemes_embarques/TP2/DE1-SoC_TP2_Sources_2021/software/niosII_Custom_Peripheral_bsp/../../DE1_SoC_QSYS.sopcinfo
Info: (niosII_Custom_Peripheral.elf) 50 KBytes program size (code + initialized data).
Info:                                98 KBytes free for stack + heap.
Info: Creating niosII_Custom_Peripheral.objdump
nios2-elf-objdump --disassemble --syms --all-header --source niosII_Custom_Peripheral.elf >niosII_Custom_Peripheral.objdump
[niosII_Custom_Peripheral build complete]
